<?xml version="1.0" encoding="UTF-8"?>
<!-- Generated by org.testng.reporters.JUnitReportReporter -->
<testsuite skipped="0" hostname="AtishK2-MSD1" name="RestAPI.RestAPI.Test001" tests="3" failures="0" timestamp="2019-10-31T17:50:57 IST" time="3.085" errors="0">
  <testcase name="GetRequestWithPathParameter" time="2.101" classname="RestAPI.RestAPI.Test001"/>
  <testcase name="GetRequestWithPathParameter_SingleUserNotFound" time="0.533" classname="RestAPI.RestAPI.Test001"/>
  <testcase name="GetRequestWithQueryParameter" time="0.451" classname="RestAPI.RestAPI.Test001"/>
</testsuite> <!-- RestAPI.RestAPI.Test001 -->
