<?xml version="1.0" encoding="UTF-8"?>
<!-- Generated by org.testng.reporters.JUnitReportReporter -->
<testsuite skipped="0" hostname="AtishK2-MSD1" name="RestAPI.RestAPI.ReqResAPITests" tests="1" failures="0" timestamp="2019-11-01T19:43:37 IST" time="2.231" errors="0">
  <testcase name="createUser_PostRequest" time="2.231" classname="RestAPI.RestAPI.ReqResAPITests"/>
</testsuite> <!-- RestAPI.RestAPI.ReqResAPITests -->
